{"/home/travis/build/npmtest/node-npmtest-google-trends-api/test.js":{"path":"/home/travis/build/npmtest/node-npmtest-google-trends-api/test.js","s":{"1":2,"2":2,"3":2,"4":2,"5":2,"6":2,"7":2,"8":1,"9":2,"10":2,"11":1,"12":1,"13":1,"14":1,"15":2,"16":2,"17":2,"18":2,"19":1,"20":1,"21":2,"22":2,"23":2,"24":1,"25":1,"26":1,"27":1,"28":1,"29":1,"30":1,"31":1,"32":1,"33":1,"34":1,"35":1,"36":1,"37":1,"38":1,"39":2,"40":2,"41":1,"42":2,"43":2,"44":1,"45":2,"46":2,"47":1,"48":2,"49":2,"50":1,"51":1,"52":1,"53":1,"54":1},"b":{"1":[2,1,1,1],"2":[1,1,1,1],"3":[1,1],"4":[1,1],"5":[1,1],"6":[1,1],"7":[1,1],"8":[1,1],"9":[1,1],"10":[1,1,1],"11":[1,1],"12":[1,1],"13":[1,1],"14":[1,1],"15":[1,1],"16":[1,1],"17":[1,1]},"f":{"1":2,"2":2,"3":2,"4":2,"5":2,"6":1,"7":1,"8":1,"9":2,"10":2,"11":2,"12":2,"13":1},"fnMap":{"1":{"name":"(anonymous_1)","line":12,"loc":{"start":{"line":12,"column":1},"end":{"line":12,"column":13}}},"2":{"name":"(anonymous_2)","line":19,"loc":{"start":{"line":19,"column":5},"end":{"line":19,"column":17}}},"3":{"name":"(anonymous_3)","line":23,"loc":{"start":{"line":23,"column":24},"end":{"line":23,"column":36}}},"4":{"name":"(anonymous_4)","line":61,"loc":{"start":{"line":61,"column":5},"end":{"line":61,"column":17}}},"5":{"name":"(anonymous_5)","line":82,"loc":{"start":{"line":82,"column":5},"end":{"line":82,"column":17}}},"6":{"name":"(anonymous_6)","line":91,"loc":{"start":{"line":91,"column":77},"end":{"line":94,"column":10}}},"7":{"name":"(anonymous_7)","line":112,"loc":{"start":{"line":112,"column":83},"end":{"line":115,"column":10}},"skip":true},"8":{"name":"(anonymous_8)","line":123,"loc":{"start":{"line":123,"column":77},"end":{"line":126,"column":10}},"skip":true},"9":{"name":"(anonymous_9)","line":139,"loc":{"start":{"line":139,"column":12},"end":{"line":139,"column":40}},"skip":true},"10":{"name":"(anonymous_10)","line":147,"loc":{"start":{"line":147,"column":77},"end":{"line":150,"column":10}},"skip":true},"11":{"name":"(anonymous_11)","line":158,"loc":{"start":{"line":158,"column":83},"end":{"line":161,"column":10}},"skip":true},"12":{"name":"(anonymous_12)","line":169,"loc":{"start":{"line":169,"column":79},"end":{"line":172,"column":10}},"skip":true},"13":{"name":"(anonymous_13)","line":180,"loc":{"start":{"line":180,"column":75},"end":{"line":183,"column":10}},"skip":true}},"statementMap":{"1":{"start":{"line":12,"column":0},"end":{"line":195,"column":5}},"2":{"start":{"line":14,"column":4},"end":{"line":14,"column":14}},"3":{"start":{"line":19,"column":4},"end":{"line":56,"column":9}},"4":{"start":{"line":21,"column":8},"end":{"line":21,"column":19}},"5":{"start":{"line":23,"column":8},"end":{"line":35,"column":13}},"6":{"start":{"line":24,"column":12},"end":{"line":34,"column":13}},"7":{"start":{"line":25,"column":16},"end":{"line":28,"column":30}},"8":{"start":{"line":30,"column":16},"end":{"line":33,"column":27}},"9":{"start":{"line":37,"column":8},"end":{"line":39,"column":21}},"10":{"start":{"line":40,"column":8},"end":{"line":53,"column":9}},"11":{"start":{"line":43,"column":12},"end":{"line":46,"column":14}},"12":{"start":{"line":47,"column":12},"end":{"line":47,"column":18}},"13":{"start":{"line":50,"column":12},"end":{"line":51,"column":33}},"14":{"start":{"line":52,"column":12},"end":{"line":52,"column":18}},"15":{"start":{"line":55,"column":8},"end":{"line":55,"column":35}},"16":{"start":{"line":61,"column":4},"end":{"line":63,"column":9}},"17":{"start":{"line":62,"column":8},"end":{"line":62,"column":15}},"18":{"start":{"line":64,"column":4},"end":{"line":77,"column":5}},"19":{"start":{"line":70,"column":8},"end":{"line":70,"column":14}},"20":{"start":{"line":76,"column":8},"end":{"line":76,"column":14}},"21":{"start":{"line":82,"column":4},"end":{"line":84,"column":9}},"22":{"start":{"line":83,"column":8},"end":{"line":83,"column":15}},"23":{"start":{"line":85,"column":4},"end":{"line":194,"column":5}},"24":{"start":{"line":91,"column":8},"end":{"line":99,"column":10}},"25":{"start":{"line":98,"column":12},"end":{"line":98,"column":35}},"26":{"start":{"line":102,"column":8},"end":{"line":104,"column":63}},"27":{"start":{"line":105,"column":8},"end":{"line":105,"column":14}},"28":{"start":{"line":112,"column":8},"end":{"line":121,"column":10},"skip":true},"29":{"start":{"line":119,"column":12},"end":{"line":119,"column":55},"skip":true},"30":{"start":{"line":120,"column":12},"end":{"line":120,"column":48},"skip":true},"31":{"start":{"line":123,"column":8},"end":{"line":136,"column":10},"skip":true},"32":{"start":{"line":130,"column":12},"end":{"line":130,"column":76},"skip":true},"33":{"start":{"line":131,"column":12},"end":{"line":131,"column":73},"skip":true},"34":{"start":{"line":132,"column":12},"end":{"line":132,"column":74},"skip":true},"35":{"start":{"line":133,"column":12},"end":{"line":133,"column":79},"skip":true},"36":{"start":{"line":134,"column":12},"end":{"line":134,"column":25},"skip":true},"37":{"start":{"line":135,"column":12},"end":{"line":135,"column":45},"skip":true},"38":{"start":{"line":138,"column":8},"end":{"line":145,"column":14},"skip":true},"39":{"start":{"line":143,"column":16},"end":{"line":143,"column":29},"skip":true},"40":{"start":{"line":144,"column":16},"end":{"line":144,"column":55},"skip":true},"41":{"start":{"line":147,"column":8},"end":{"line":156,"column":10},"skip":true},"42":{"start":{"line":154,"column":12},"end":{"line":154,"column":25},"skip":true},"43":{"start":{"line":155,"column":12},"end":{"line":155,"column":45},"skip":true},"44":{"start":{"line":158,"column":8},"end":{"line":167,"column":10},"skip":true},"45":{"start":{"line":165,"column":12},"end":{"line":165,"column":25},"skip":true},"46":{"start":{"line":166,"column":12},"end":{"line":166,"column":48},"skip":true},"47":{"start":{"line":169,"column":8},"end":{"line":178,"column":10},"skip":true},"48":{"start":{"line":176,"column":12},"end":{"line":176,"column":25},"skip":true},"49":{"start":{"line":177,"column":12},"end":{"line":177,"column":46},"skip":true},"50":{"start":{"line":180,"column":8},"end":{"line":189,"column":10},"skip":true},"51":{"start":{"line":187,"column":12},"end":{"line":187,"column":94},"skip":true},"52":{"start":{"line":188,"column":12},"end":{"line":188,"column":48},"skip":true},"53":{"start":{"line":192,"column":8},"end":{"line":192,"column":35},"skip":true},"54":{"start":{"line":193,"column":8},"end":{"line":193,"column":14},"skip":true}},"branchMap":{"1":{"line":25,"type":"binary-expr","locations":[{"start":{"line":25,"column":23},"end":{"line":25,"column":62}},{"start":{"line":26,"column":20},"end":{"line":26,"column":70}},{"start":{"line":27,"column":20},"end":{"line":27,"column":71}},{"start":{"line":28,"column":20},"end":{"line":28,"column":29}}]},"2":{"line":30,"type":"binary-expr","locations":[{"start":{"line":30,"column":23},"end":{"line":30,"column":37}},{"start":{"line":31,"column":20},"end":{"line":31,"column":61}},{"start":{"line":32,"column":20},"end":{"line":32,"column":70}},{"start":{"line":33,"column":20},"end":{"line":33,"column":26}}]},"3":{"line":37,"type":"cond-expr","locations":[{"start":{"line":38,"column":14},"end":{"line":38,"column":20}},{"start":{"line":39,"column":14},"end":{"line":39,"column":20}}]},"4":{"line":40,"type":"switch","locations":[{"start":{"line":42,"column":8},"end":{"line":47,"column":18}},{"start":{"line":49,"column":8},"end":{"line":52,"column":18}}]},"5":{"line":44,"type":"binary-expr","locations":[{"start":{"line":44,"column":16},"end":{"line":44,"column":44}},{"start":{"line":44,"column":48},"end":{"line":44,"column":66}}]},"6":{"line":50,"type":"binary-expr","locations":[{"start":{"line":50,"column":21},"end":{"line":50,"column":49}},{"start":{"line":50,"column":53},"end":{"line":50,"column":72}}]},"7":{"line":64,"type":"switch","locations":[{"start":{"line":69,"column":4},"end":{"line":70,"column":14}},{"start":{"line":75,"column":4},"end":{"line":76,"column":14}}]},"8":{"line":85,"type":"switch","locations":[{"start":{"line":90,"column":4},"end":{"line":105,"column":14}},{"start":{"line":111,"column":4},"end":{"line":193,"column":14},"skip":true}]},"9":{"line":91,"type":"binary-expr","locations":[{"start":{"line":91,"column":42},"end":{"line":91,"column":73}},{"start":{"line":91,"column":77},"end":{"line":99,"column":9}}]},"10":{"line":102,"type":"binary-expr","locations":[{"start":{"line":102,"column":18},"end":{"line":102,"column":32}},{"start":{"line":103,"column":12},"end":{"line":103,"column":53}},{"start":{"line":104,"column":12},"end":{"line":104,"column":61}}]},"11":{"line":112,"type":"binary-expr","locations":[{"start":{"line":112,"column":45},"end":{"line":112,"column":79},"skip":true},{"start":{"line":112,"column":83},"end":{"line":121,"column":9},"skip":true}]},"12":{"line":123,"type":"binary-expr","locations":[{"start":{"line":123,"column":42},"end":{"line":123,"column":73},"skip":true},{"start":{"line":123,"column":77},"end":{"line":136,"column":9},"skip":true}]},"13":{"line":138,"type":"binary-expr","locations":[{"start":{"line":138,"column":48},"end":{"line":138,"column":85},"skip":true},{"start":{"line":139,"column":12},"end":{"line":145,"column":13},"skip":true}]},"14":{"line":147,"type":"binary-expr","locations":[{"start":{"line":147,"column":42},"end":{"line":147,"column":73},"skip":true},{"start":{"line":147,"column":77},"end":{"line":156,"column":9},"skip":true}]},"15":{"line":158,"type":"binary-expr","locations":[{"start":{"line":158,"column":45},"end":{"line":158,"column":79},"skip":true},{"start":{"line":158,"column":83},"end":{"line":167,"column":9},"skip":true}]},"16":{"line":169,"type":"binary-expr","locations":[{"start":{"line":169,"column":43},"end":{"line":169,"column":75},"skip":true},{"start":{"line":169,"column":79},"end":{"line":178,"column":9},"skip":true}]},"17":{"line":180,"type":"binary-expr","locations":[{"start":{"line":180,"column":41},"end":{"line":180,"column":71},"skip":true},{"start":{"line":180,"column":75},"end":{"line":189,"column":9},"skip":true}]}},"code":["/* istanbul instrument in package npmtest_google_trends_api */","/*jslint","    bitwise: true,","    browser: true,","    maxerr: 8,","    maxlen: 96,","    node: true,","    nomen: true,","    regexp: true,","    stupid: true","*/","(function () {","    'use strict';","    var local;","","","","    // run shared js-env code - init-before","    (function () {","        // init local","        local = {};","        // init modeJs","        local.modeJs = (function () {","            try {","                return typeof navigator.userAgent === 'string' &&","                    typeof document.querySelector('body') === 'object' &&","                    typeof XMLHttpRequest.prototype.open === 'function' &&","                    'browser';","            } catch (errorCaughtBrowser) {","                return module.exports &&","                    typeof process.versions.node === 'string' &&","                    typeof require('http').createServer === 'function' &&","                    'node';","            }","        }());","        // init global","        local.global = local.modeJs === 'browser'","            ? window","            : global;","        switch (local.modeJs) {","        // re-init local from window.local","        case 'browser':","            local = local.global.utility2.objectSetDefault(","                local.global.utility2_rollup || local.global.local,","                local.global.utility2","            );","            break;","        // re-init local from example.js","        case 'node':","            local = (local.global.utility2_rollup || require('utility2'))","                .requireReadme();","            break;","        }","        // export local","        local.global.local = local;","    }());","","","","    // run shared js-env code - function","    (function () {","        return;","    }());","    switch (local.modeJs) {","","","","    // run browser js-env code - function","    case 'browser':","        break;","","","","    // run node js-env code - function","    case 'node':","        break;","    }","","","","    // run shared js-env code - init-after","    (function () {","        return;","    }());","    switch (local.modeJs) {","","","","    // run browser js-env code - init-after","    case 'browser':","        local.testCase_browser_nullCase = local.testCase_browser_nullCase || function (","            options,","            onError","        ) {","        /*","         * this function will test browsers's null-case handling-behavior-behavior","         */","            onError(null, options);","        };","","        // run tests","        local.nop(local.modeTest &&","            document.querySelector('#testRunButton1') &&","            document.querySelector('#testRunButton1').click());","        break;","","","","    // run node js-env code - init-after","    /* istanbul ignore next */","    case 'node':","        local.testCase_buildApidoc_default = local.testCase_buildApidoc_default || function (","            options,","            onError","        ) {","        /*","         * this function will test buildApidoc's default handling-behavior-behavior","         */","            options = { modulePathList: module.paths };","            local.buildApidoc(options, onError);","        };","","        local.testCase_buildApp_default = local.testCase_buildApp_default || function (","            options,","            onError","        ) {","        /*","         * this function will test buildApp's default handling-behavior-behavior","         */","            local.testCase_buildReadme_default(options, local.onErrorThrow);","            local.testCase_buildLib_default(options, local.onErrorThrow);","            local.testCase_buildTest_default(options, local.onErrorThrow);","            local.testCase_buildCustomOrg_default(options, local.onErrorThrow);","            options = [];","            local.buildApp(options, onError);","        };","","        local.testCase_buildCustomOrg_default = local.testCase_buildCustomOrg_default ||","            function (options, onError) {","            /*","             * this function will test buildCustomOrg's default handling-behavior","             */","                options = {};","                local.buildCustomOrg(options, onError);","            };","","        local.testCase_buildLib_default = local.testCase_buildLib_default || function (","            options,","            onError","        ) {","        /*","         * this function will test buildLib's default handling-behavior","         */","            options = {};","            local.buildLib(options, onError);","        };","","        local.testCase_buildReadme_default = local.testCase_buildReadme_default || function (","            options,","            onError","        ) {","        /*","         * this function will test buildReadme's default handling-behavior-behavior","         */","            options = {};","            local.buildReadme(options, onError);","        };","","        local.testCase_buildTest_default = local.testCase_buildTest_default || function (","            options,","            onError","        ) {","        /*","         * this function will test buildTest's default handling-behavior","         */","            options = {};","            local.buildTest(options, onError);","        };","","        local.testCase_webpage_default = local.testCase_webpage_default || function (","            options,","            onError","        ) {","        /*","         * this function will test webpage's default handling-behavior","         */","            options = { modeCoverageMerge: true, url: local.serverLocalHost + '?modeTest=1' };","            local.browserTest(options, onError);","        };","","        // run test-server","        local.testRunServer(local);","        break;","    }","}());",""],"l":{"12":2,"14":2,"19":2,"21":2,"23":2,"24":2,"25":2,"30":1,"37":2,"40":2,"43":1,"47":1,"50":1,"52":1,"55":2,"61":2,"62":2,"64":2,"70":1,"76":1,"82":2,"83":2,"85":2,"91":1,"98":1,"102":1,"105":1,"112":1,"119":1,"120":1,"123":1,"130":1,"131":1,"132":1,"133":1,"134":1,"135":1,"138":1,"143":2,"144":2,"147":1,"154":2,"155":2,"158":1,"165":2,"166":2,"169":1,"176":2,"177":2,"180":1,"187":1,"188":1,"192":1,"193":1}},"/home/travis/build/npmtest/node-npmtest-google-trends-api/lib.npmtest_google_trends_api.js":{"path":"/home/travis/build/npmtest/node-npmtest-google-trends-api/lib.npmtest_google_trends_api.js","s":{"1":2,"2":2,"3":2,"4":2,"5":2,"6":2,"7":2,"8":1,"9":2,"10":2,"11":2,"12":2,"13":1,"14":1,"15":1,"16":1},"b":{"1":[2,1,1,1],"2":[1,1,1,1],"3":[1,1],"4":[2,2],"5":[1,1]},"f":{"1":2,"2":2,"3":2},"fnMap":{"1":{"name":"(anonymous_1)","line":12,"loc":{"start":{"line":12,"column":1},"end":{"line":12,"column":13}}},"2":{"name":"(anonymous_2)","line":19,"loc":{"start":{"line":19,"column":5},"end":{"line":19,"column":17}}},"3":{"name":"(anonymous_3)","line":23,"loc":{"start":{"line":23,"column":24},"end":{"line":23,"column":36}}}},"statementMap":{"1":{"start":{"line":12,"column":0},"end":{"line":53,"column":5}},"2":{"start":{"line":14,"column":4},"end":{"line":14,"column":14}},"3":{"start":{"line":19,"column":4},"end":{"line":52,"column":9}},"4":{"start":{"line":21,"column":8},"end":{"line":21,"column":19}},"5":{"start":{"line":23,"column":8},"end":{"line":35,"column":13}},"6":{"start":{"line":24,"column":12},"end":{"line":34,"column":13}},"7":{"start":{"line":25,"column":16},"end":{"line":28,"column":30}},"8":{"start":{"line":30,"column":16},"end":{"line":33,"column":27}},"9":{"start":{"line":37,"column":8},"end":{"line":39,"column":21}},"10":{"start":{"line":41,"column":8},"end":{"line":41,"column":54}},"11":{"start":{"line":43,"column":8},"end":{"line":43,"column":62}},"12":{"start":{"line":45,"column":8},"end":{"line":51,"column":9}},"13":{"start":{"line":46,"column":12},"end":{"line":46,"column":68}},"14":{"start":{"line":48,"column":12},"end":{"line":48,"column":35}},"15":{"start":{"line":49,"column":12},"end":{"line":49,"column":49}},"16":{"start":{"line":50,"column":12},"end":{"line":50,"column":43}}},"branchMap":{"1":{"line":25,"type":"binary-expr","locations":[{"start":{"line":25,"column":23},"end":{"line":25,"column":62}},{"start":{"line":26,"column":20},"end":{"line":26,"column":70}},{"start":{"line":27,"column":20},"end":{"line":27,"column":71}},{"start":{"line":28,"column":20},"end":{"line":28,"column":29}}]},"2":{"line":30,"type":"binary-expr","locations":[{"start":{"line":30,"column":23},"end":{"line":30,"column":37}},{"start":{"line":31,"column":20},"end":{"line":31,"column":61}},{"start":{"line":32,"column":20},"end":{"line":32,"column":70}},{"start":{"line":33,"column":20},"end":{"line":33,"column":26}}]},"3":{"line":37,"type":"cond-expr","locations":[{"start":{"line":38,"column":14},"end":{"line":38,"column":20}},{"start":{"line":39,"column":14},"end":{"line":39,"column":20}}]},"4":{"line":41,"type":"binary-expr","locations":[{"start":{"line":41,"column":16},"end":{"line":41,"column":44}},{"start":{"line":41,"column":48},"end":{"line":41,"column":53}}]},"5":{"line":45,"type":"if","locations":[{"start":{"line":45,"column":8},"end":{"line":45,"column":8}},{"start":{"line":45,"column":8},"end":{"line":45,"column":8}}]}},"code":["/* istanbul instrument in package npmtest_google_trends_api */","/*jslint","    bitwise: true,","    browser: true,","    maxerr: 8,","    maxlen: 96,","    node: true,","    nomen: true,","    regexp: true,","    stupid: true","*/","(function () {","    'use strict';","    var local;","","","","    // run shared js-env code - init-before","    (function () {","        // init local","        local = {};","        // init modeJs","        local.modeJs = (function () {","            try {","                return typeof navigator.userAgent === 'string' &&","                    typeof document.querySelector('body') === 'object' &&","                    typeof XMLHttpRequest.prototype.open === 'function' &&","                    'browser';","            } catch (errorCaughtBrowser) {","                return module.exports &&","                    typeof process.versions.node === 'string' &&","                    typeof require('http').createServer === 'function' &&","                    'node';","            }","        }());","        // init global","        local.global = local.modeJs === 'browser'","            ? window","            : global;","        // init utility2_rollup","        local = local.global.utility2_rollup || local;","        // init lib","        local.local = local.npmtest_google_trends_api = local;","        // init exports","        if (local.modeJs === 'browser') {","            local.global.utility2_npmtest_google_trends_api = local;","        } else {","            module.exports = local;","            module.exports.__dirname = __dirname;","            module.exports.module = module;","        }","    }());","}());",""],"l":{"12":2,"14":2,"19":2,"21":2,"23":2,"24":2,"25":2,"30":1,"37":2,"41":2,"43":2,"45":2,"46":1,"48":1,"49":1,"50":1}},"/home/travis/build/npmtest/node-npmtest-google-trends-api/example.js":{"path":"/home/travis/build/npmtest/node-npmtest-google-trends-api/example.js","s":{"1":2,"2":2,"3":2,"4":2,"5":2,"6":2,"7":2,"8":1,"9":2,"10":2,"11":2,"12":2,"13":1,"14":2,"15":2,"16":2,"17":2,"18":2,"19":0,"20":2,"21":1,"22":1,"23":1,"24":1,"25":1,"26":0,"27":0,"28":1,"29":1,"30":2,"31":0,"32":0,"33":0,"34":1,"35":2,"36":2,"37":3,"38":3,"39":3,"40":3,"41":0,"42":3,"43":3,"44":3,"45":1,"46":3,"47":1,"48":1,"49":1,"50":1,"51":1,"52":1,"53":1,"54":1,"55":1,"56":1,"57":0,"58":1,"59":6,"60":6,"61":1,"62":2,"63":0,"64":2,"65":1,"66":1,"67":0,"68":0,"69":0,"70":0,"71":0,"72":0,"73":0,"74":0,"75":0,"76":0,"77":0,"78":0,"79":0,"80":0,"81":0,"82":0,"83":0},"b":{"1":[2,1,1,1],"2":[1,1,1,1],"3":[1,1],"4":[2,2],"5":[1,1],"6":[1,1],"7":[2,0],"8":[2,1,1,1,1,1],"9":[0,2,0],"10":[1,1],"11":[2,1,1],"12":[1,0],"13":[0,2],"14":[2,0,0,0,0,0,0],"15":[0,3],"16":[3,0],"17":[1,1],"18":[0,1],"19":[1,2,0,2],"20":[1,0],"21":[1,1],"22":[0,0],"23":[0,0],"24":[0,0],"25":[0,0],"26":[0,0],"27":[0,0],"28":[0,0]},"f":{"1":2,"2":2,"3":2,"4":2,"5":2,"6":2,"7":3,"8":3,"9":3,"10":1,"11":6,"12":0},"fnMap":{"1":{"name":"(anonymous_1)","line":26,"loc":{"start":{"line":26,"column":1},"end":{"line":26,"column":13}}},"2":{"name":"(anonymous_2)","line":33,"loc":{"start":{"line":33,"column":5},"end":{"line":33,"column":17}}},"3":{"name":"(anonymous_3)","line":37,"loc":{"start":{"line":37,"column":24},"end":{"line":37,"column":36}}},"4":{"name":"(anonymous_4)","line":69,"loc":{"start":{"line":69,"column":31},"end":{"line":69,"column":48}},"skip":true},"5":{"name":"(anonymous_5)","line":78,"loc":{"start":{"line":78,"column":26},"end":{"line":78,"column":45}},"skip":true},"6":{"name":"(anonymous_6)","line":123,"loc":{"start":{"line":123,"column":33},"end":{"line":123,"column":48}},"skip":true},"7":{"name":"(anonymous_7)","line":125,"loc":{"start":{"line":125,"column":27},"end":{"line":125,"column":39}},"skip":true},"8":{"name":"(anonymous_8)","line":133,"loc":{"start":{"line":133,"column":59},"end":{"line":133,"column":74}},"skip":true},"9":{"name":"(anonymous_9)","line":143,"loc":{"start":{"line":143,"column":45},"end":{"line":143,"column":62}},"skip":true},"10":{"name":"(anonymous_10)","line":144,"loc":{"start":{"line":144,"column":73},"end":{"line":144,"column":92}},"skip":true},"11":{"name":"(anonymous_11)","line":272,"loc":{"start":{"line":272,"column":51},"end":{"line":272,"column":77}},"skip":true},"12":{"name":"(anonymous_12)","line":315,"loc":{"start":{"line":315,"column":32},"end":{"line":315,"column":61}},"skip":true}},"statementMap":{"1":{"start":{"line":26,"column":0},"end":{"line":326,"column":5}},"2":{"start":{"line":28,"column":4},"end":{"line":28,"column":14}},"3":{"start":{"line":33,"column":4},"end":{"line":60,"column":9}},"4":{"start":{"line":35,"column":8},"end":{"line":35,"column":19}},"5":{"start":{"line":37,"column":8},"end":{"line":49,"column":13}},"6":{"start":{"line":38,"column":12},"end":{"line":48,"column":13}},"7":{"start":{"line":39,"column":16},"end":{"line":42,"column":30}},"8":{"start":{"line":44,"column":16},"end":{"line":47,"column":27}},"9":{"start":{"line":51,"column":8},"end":{"line":53,"column":21}},"10":{"start":{"line":55,"column":8},"end":{"line":57,"column":45}},"11":{"start":{"line":59,"column":8},"end":{"line":59,"column":35}},"12":{"start":{"line":61,"column":4},"end":{"line":325,"column":5}},"13":{"start":{"line":69,"column":8},"end":{"line":121,"column":10},"skip":true},"14":{"start":{"line":70,"column":12},"end":{"line":88,"column":13},"skip":true},"15":{"start":{"line":76,"column":16},"end":{"line":87,"column":19},"skip":true},"16":{"start":{"line":79,"column":20},"end":{"line":86,"column":21},"skip":true},"17":{"start":{"line":82,"column":24},"end":{"line":82,"column":43},"skip":true},"18":{"start":{"line":83,"column":24},"end":{"line":83,"column":30},"skip":true},"19":{"start":{"line":85,"column":24},"end":{"line":85,"column":49},"skip":true},"20":{"start":{"line":89,"column":12},"end":{"line":107,"column":13},"skip":true},"21":{"start":{"line":92,"column":16},"end":{"line":102,"column":17},"skip":true},"22":{"start":{"line":93,"column":20},"end":{"line":93,"column":86},"skip":true},"23":{"start":{"line":94,"column":20},"end":{"line":95,"column":45},"skip":true},"24":{"start":{"line":96,"column":20},"end":{"line":96,"column":42},"skip":true},"25":{"start":{"line":97,"column":20},"end":{"line":97,"column":48},"skip":true},"26":{"start":{"line":100,"column":20},"end":{"line":100,"column":85},"skip":true},"27":{"start":{"line":101,"column":20},"end":{"line":101,"column":96},"skip":true},"28":{"start":{"line":103,"column":16},"end":{"line":103,"column":22},"skip":true},"29":{"start":{"line":106,"column":16},"end":{"line":106,"column":22},"skip":true},"30":{"start":{"line":108,"column":12},"end":{"line":120,"column":13},"skip":true},"31":{"start":{"line":114,"column":16},"end":{"line":119,"column":17},"skip":true},"32":{"start":{"line":116,"column":20},"end":{"line":116,"column":78},"skip":true},"33":{"start":{"line":118,"column":20},"end":{"line":118,"column":47},"skip":true},"34":{"start":{"line":123,"column":8},"end":{"line":141,"column":11},"skip":true},"35":{"start":{"line":124,"column":12},"end":{"line":124,"column":54},"skip":true},"36":{"start":{"line":125,"column":12},"end":{"line":140,"column":14},"skip":true},"37":{"start":{"line":126,"column":16},"end":{"line":126,"column":28},"skip":true},"38":{"start":{"line":127,"column":16},"end":{"line":127,"column":69},"skip":true},"39":{"start":{"line":128,"column":16},"end":{"line":128,"column":75},"skip":true},"40":{"start":{"line":129,"column":16},"end":{"line":131,"column":17},"skip":true},"41":{"start":{"line":130,"column":20},"end":{"line":130,"column":27},"skip":true},"42":{"start":{"line":133,"column":16},"end":{"line":137,"column":36},"skip":true},"43":{"start":{"line":134,"column":20},"end":{"line":136,"column":55},"skip":true},"44":{"start":{"line":139,"column":16},"end":{"line":139,"column":57},"skip":true},"45":{"start":{"line":143,"column":8},"end":{"line":147,"column":11},"skip":true},"46":{"start":{"line":144,"column":12},"end":{"line":146,"column":15},"skip":true},"47":{"start":{"line":145,"column":16},"end":{"line":145,"column":70},"skip":true},"48":{"start":{"line":149,"column":8},"end":{"line":149,"column":31},"skip":true},"49":{"start":{"line":150,"column":8},"end":{"line":150,"column":14},"skip":true},"50":{"start":{"line":158,"column":8},"end":{"line":158,"column":31},"skip":true},"51":{"start":{"line":160,"column":8},"end":{"line":160,"column":33},"skip":true},"52":{"start":{"line":161,"column":8},"end":{"line":161,"column":37},"skip":true},"53":{"start":{"line":162,"column":8},"end":{"line":162,"column":35},"skip":true},"54":{"start":{"line":164,"column":8},"end":{"line":164,"column":50},"skip":true},"55":{"start":{"line":166,"column":8},"end":{"line":256,"column":2},"skip":true},"56":{"start":{"line":258,"column":8},"end":{"line":286,"column":9},"skip":true},"57":{"start":{"line":259,"column":12},"end":{"line":269,"column":14},"skip":true},"58":{"start":{"line":271,"column":12},"end":{"line":285,"column":19},"skip":true},"59":{"start":{"line":274,"column":20},"end":{"line":274,"column":35},"skip":true},"60":{"start":{"line":275,"column":20},"end":{"line":284,"column":21},"skip":true},"61":{"start":{"line":277,"column":24},"end":{"line":277,"column":64},"skip":true},"62":{"start":{"line":279,"column":24},"end":{"line":279,"column":40},"skip":true},"63":{"start":{"line":281,"column":24},"end":{"line":281,"column":40},"skip":true},"64":{"start":{"line":283,"column":24},"end":{"line":283,"column":39},"skip":true},"65":{"start":{"line":288,"column":8},"end":{"line":290,"column":9},"skip":true},"66":{"start":{"line":289,"column":12},"end":{"line":289,"column":18},"skip":true},"67":{"start":{"line":291,"column":8},"end":{"line":293,"column":54},"skip":true},"68":{"start":{"line":296,"column":8},"end":{"line":301,"column":37},"skip":true},"69":{"start":{"line":303,"column":8},"end":{"line":303,"column":82},"skip":true},"70":{"start":{"line":306,"column":8},"end":{"line":308,"column":9},"skip":true},"71":{"start":{"line":307,"column":12},"end":{"line":307,"column":82},"skip":true},"72":{"start":{"line":310,"column":8},"end":{"line":312,"column":9},"skip":true},"73":{"start":{"line":311,"column":12},"end":{"line":311,"column":18},"skip":true},"74":{"start":{"line":313,"column":8},"end":{"line":313,"column":54},"skip":true},"75":{"start":{"line":314,"column":8},"end":{"line":314,"column":69},"skip":true},"76":{"start":{"line":315,"column":8},"end":{"line":323,"column":36},"skip":true},"77":{"start":{"line":316,"column":12},"end":{"line":316,"column":61},"skip":true},"78":{"start":{"line":317,"column":12},"end":{"line":320,"column":13},"skip":true},"79":{"start":{"line":318,"column":16},"end":{"line":318,"column":75},"skip":true},"80":{"start":{"line":319,"column":16},"end":{"line":319,"column":23},"skip":true},"81":{"start":{"line":321,"column":12},"end":{"line":321,"column":38},"skip":true},"82":{"start":{"line":322,"column":12},"end":{"line":322,"column":27},"skip":true},"83":{"start":{"line":324,"column":8},"end":{"line":324,"column":14},"skip":true}},"branchMap":{"1":{"line":39,"type":"binary-expr","locations":[{"start":{"line":39,"column":23},"end":{"line":39,"column":62}},{"start":{"line":40,"column":20},"end":{"line":40,"column":70}},{"start":{"line":41,"column":20},"end":{"line":41,"column":71}},{"start":{"line":42,"column":20},"end":{"line":42,"column":29}}]},"2":{"line":44,"type":"binary-expr","locations":[{"start":{"line":44,"column":23},"end":{"line":44,"column":37}},{"start":{"line":45,"column":20},"end":{"line":45,"column":61}},{"start":{"line":46,"column":20},"end":{"line":46,"column":70}},{"start":{"line":47,"column":20},"end":{"line":47,"column":26}}]},"3":{"line":51,"type":"cond-expr","locations":[{"start":{"line":52,"column":14},"end":{"line":52,"column":20}},{"start":{"line":53,"column":14},"end":{"line":53,"column":20}}]},"4":{"line":55,"type":"binary-expr","locations":[{"start":{"line":55,"column":16},"end":{"line":55,"column":44}},{"start":{"line":55,"column":49},"end":{"line":57,"column":43}}]},"5":{"line":55,"type":"cond-expr","locations":[{"start":{"line":56,"column":14},"end":{"line":56,"column":61}},{"start":{"line":57,"column":14},"end":{"line":57,"column":43}}]},"6":{"line":61,"type":"switch","locations":[{"start":{"line":68,"column":4},"end":{"line":150,"column":14},"skip":true},{"start":{"line":156,"column":4},"end":{"line":324,"column":14},"skip":true}]},"7":{"line":70,"type":"if","locations":[{"start":{"line":70,"column":12},"end":{"line":70,"column":12},"skip":true},{"start":{"line":70,"column":12},"end":{"line":70,"column":12},"skip":true}]},"8":{"line":70,"type":"binary-expr","locations":[{"start":{"line":70,"column":16},"end":{"line":70,"column":22},"skip":true},{"start":{"line":70,"column":27},"end":{"line":70,"column":32},"skip":true},{"start":{"line":71,"column":20},"end":{"line":71,"column":39},"skip":true},{"start":{"line":72,"column":20},"end":{"line":72,"column":49},"skip":true},{"start":{"line":73,"column":20},"end":{"line":73,"column":58},"skip":true},{"start":{"line":74,"column":20},"end":{"line":74,"column":69},"skip":true}]},"9":{"line":79,"type":"switch","locations":[{"start":{"line":80,"column":20},"end":{"line":80,"column":33},"skip":true},{"start":{"line":81,"column":20},"end":{"line":83,"column":30},"skip":true},{"start":{"line":84,"column":20},"end":{"line":85,"column":49},"skip":true}]},"10":{"line":89,"type":"switch","locations":[{"start":{"line":90,"column":12},"end":{"line":103,"column":22},"skip":true},{"start":{"line":105,"column":12},"end":{"line":106,"column":22},"skip":true}]},"11":{"line":89,"type":"binary-expr","locations":[{"start":{"line":89,"column":20},"end":{"line":89,"column":25},"skip":true},{"start":{"line":89,"column":29},"end":{"line":89,"column":48},"skip":true},{"start":{"line":89,"column":52},"end":{"line":89,"column":74},"skip":true}]},"12":{"line":92,"type":"if","locations":[{"start":{"line":92,"column":16},"end":{"line":92,"column":16},"skip":true},{"start":{"line":92,"column":16},"end":{"line":92,"column":16},"skip":true}]},"13":{"line":108,"type":"if","locations":[{"start":{"line":108,"column":12},"end":{"line":108,"column":12},"skip":true},{"start":{"line":108,"column":12},"end":{"line":108,"column":12},"skip":true}]},"14":{"line":108,"type":"binary-expr","locations":[{"start":{"line":108,"column":16},"end":{"line":108,"column":61},"skip":true},{"start":{"line":108,"column":66},"end":{"line":108,"column":72},"skip":true},{"start":{"line":108,"column":77},"end":{"line":108,"column":82},"skip":true},{"start":{"line":109,"column":20},"end":{"line":109,"column":39},"skip":true},{"start":{"line":110,"column":20},"end":{"line":110,"column":49},"skip":true},{"start":{"line":111,"column":20},"end":{"line":111,"column":58},"skip":true},{"start":{"line":112,"column":20},"end":{"line":112,"column":68},"skip":true}]},"15":{"line":129,"type":"if","locations":[{"start":{"line":129,"column":16},"end":{"line":129,"column":16},"skip":true},{"start":{"line":129,"column":16},"end":{"line":129,"column":16},"skip":true}]},"16":{"line":134,"type":"cond-expr","locations":[{"start":{"line":135,"column":26},"end":{"line":135,"column":29},"skip":true},{"start":{"line":136,"column":26},"end":{"line":136,"column":54},"skip":true}]},"17":{"line":164,"type":"binary-expr","locations":[{"start":{"line":164,"column":27},"end":{"line":164,"column":43},"skip":true},{"start":{"line":164,"column":47},"end":{"line":164,"column":49},"skip":true}]},"18":{"line":258,"type":"if","locations":[{"start":{"line":258,"column":8},"end":{"line":258,"column":8},"skip":true},{"start":{"line":258,"column":8},"end":{"line":258,"column":8},"skip":true}]},"19":{"line":275,"type":"switch","locations":[{"start":{"line":276,"column":20},"end":{"line":277,"column":64},"skip":true},{"start":{"line":278,"column":20},"end":{"line":279,"column":40},"skip":true},{"start":{"line":280,"column":20},"end":{"line":281,"column":40},"skip":true},{"start":{"line":282,"column":20},"end":{"line":283,"column":39},"skip":true}]},"20":{"line":288,"type":"if","locations":[{"start":{"line":288,"column":8},"end":{"line":288,"column":8},"skip":true},{"start":{"line":288,"column":8},"end":{"line":288,"column":8},"skip":true}]},"21":{"line":288,"type":"binary-expr","locations":[{"start":{"line":288,"column":12},"end":{"line":288,"column":40},"skip":true},{"start":{"line":288,"column":44},"end":{"line":288,"column":67},"skip":true}]},"22":{"line":292,"type":"binary-expr","locations":[{"start":{"line":292,"column":12},"end":{"line":292,"column":50},"skip":true},{"start":{"line":293,"column":12},"end":{"line":293,"column":53},"skip":true}]},"23":{"line":297,"type":"binary-expr","locations":[{"start":{"line":297,"column":12},"end":{"line":297,"column":75},"skip":true},{"start":{"line":298,"column":12},"end":{"line":301,"column":36},"skip":true}]},"24":{"line":303,"type":"binary-expr","locations":[{"start":{"line":303,"column":43},"end":{"line":303,"column":75},"skip":true},{"start":{"line":303,"column":79},"end":{"line":303,"column":81},"skip":true}]},"25":{"line":306,"type":"if","locations":[{"start":{"line":306,"column":8},"end":{"line":306,"column":8},"skip":true},{"start":{"line":306,"column":8},"end":{"line":306,"column":8},"skip":true}]},"26":{"line":310,"type":"if","locations":[{"start":{"line":310,"column":8},"end":{"line":310,"column":8},"skip":true},{"start":{"line":310,"column":8},"end":{"line":310,"column":8},"skip":true}]},"27":{"line":313,"type":"binary-expr","locations":[{"start":{"line":313,"column":27},"end":{"line":313,"column":43},"skip":true},{"start":{"line":313,"column":47},"end":{"line":313,"column":53},"skip":true}]},"28":{"line":317,"type":"if","locations":[{"start":{"line":317,"column":12},"end":{"line":317,"column":12},"skip":true},{"start":{"line":317,"column":12},"end":{"line":317,"column":12},"skip":true}]}},"code":["/*","example.js","","quickstart example","","instruction","    1. save this script as example.js","    2. run the shell command:","        $ npm install npmtest-google-trends-api && PORT=8081 node example.js","    3. play with the browser-demo on http://127.0.0.1:8081","*/","","","","/* istanbul instrument in package npmtest_google_trends_api */","/*jslint","    bitwise: true,","    browser: true,","    maxerr: 8,","    maxlen: 96,","    node: true,","    nomen: true,","    regexp: true,","    stupid: true","*/","(function () {","    'use strict';","    var local;","","","","    // run shared js-env code - init-before","    (function () {","        // init local","        local = {};","        // init modeJs","        local.modeJs = (function () {","            try {","                return typeof navigator.userAgent === 'string' &&","                    typeof document.querySelector('body') === 'object' &&","                    typeof XMLHttpRequest.prototype.open === 'function' &&","                    'browser';","            } catch (errorCaughtBrowser) {","                return module.exports &&","                    typeof process.versions.node === 'string' &&","                    typeof require('http').createServer === 'function' &&","                    'node';","            }","        }());","        // init global","        local.global = local.modeJs === 'browser'","            ? window","            : global;","        // init utility2_rollup","        local = local.global.utility2_rollup || (local.modeJs === 'browser'","            ? local.global.utility2_npmtest_google_trends_api","            : global.utility2_moduleExports);","        // export local","        local.global.local = local;","    }());","    switch (local.modeJs) {","","","","    // init-after","    // run browser js-env code - init-after","    /* istanbul ignore next */","    case 'browser':","        local.testRunBrowser = function (event) {","            if (!event || (event &&","                    event.currentTarget &&","                    event.currentTarget.className &&","                    event.currentTarget.className.includes &&","                    event.currentTarget.className.includes('onreset'))) {","                // reset output","                Array.from(","                    document.querySelectorAll('body > .resettable')","                ).forEach(function (element) {","                    switch (element.tagName) {","                    case 'INPUT':","                    case 'TEXTAREA':","                        element.value = '';","                        break;","                    default:","                        element.textContent = '';","                    }","                });","            }","            switch (event && event.currentTarget && event.currentTarget.id) {","            case 'testRunButton1':","                // show tests","                if (document.querySelector('#testReportDiv1').style.display === 'none') {","                    document.querySelector('#testReportDiv1').style.display = 'block';","                    document.querySelector('#testRunButton1').textContent =","                        'hide internal test';","                    local.modeTest = true;","                    local.testRunDefault(local);","                // hide tests","                } else {","                    document.querySelector('#testReportDiv1').style.display = 'none';","                    document.querySelector('#testRunButton1').textContent = 'run internal test';","                }","                break;","            // custom-case","            default:","                break;","            }","            if (document.querySelector('#inputTextareaEval1') && (!event || (event &&","                    event.currentTarget &&","                    event.currentTarget.className &&","                    event.currentTarget.className.includes &&","                    event.currentTarget.className.includes('oneval')))) {","                // try to eval input-code","                try {","                    /*jslint evil: true*/","                    eval(document.querySelector('#inputTextareaEval1').value);","                } catch (errorCaught) {","                    console.error(errorCaught);","                }","            }","        };","        // log stderr and stdout to #outputTextareaStdout1","        ['error', 'log'].forEach(function (key) {","            console[key + '_original'] = console[key];","            console[key] = function () {","                var element;","                console[key + '_original'].apply(console, arguments);","                element = document.querySelector('#outputTextareaStdout1');","                if (!element) {","                    return;","                }","                // append text to #outputTextareaStdout1","                element.value += Array.from(arguments).map(function (arg) {","                    return typeof arg === 'string'","                        ? arg","                        : JSON.stringify(arg, null, 4);","                }).join(' ') + '\\n';","                // scroll textarea to bottom","                element.scrollTop = element.scrollHeight;","            };","        });","        // init event-handling","        ['change', 'click', 'keyup'].forEach(function (event) {","            Array.from(document.querySelectorAll('.on' + event)).forEach(function (element) {","                element.addEventListener(event, local.testRunBrowser);","            });","        });","        // run tests","        local.testRunBrowser();","        break;","","","","    // run node js-env code - init-after","    /* istanbul ignore next */","    case 'node':","        // export local","        module.exports = local;","        // require modules","        local.fs = require('fs');","        local.http = require('http');","        local.url = require('url');","        // init assets","        local.assetsDict = local.assetsDict || {};","        /* jslint-ignore-begin */","        local.assetsDict['/assets.index.template.html'] = '\\","<!doctype html>\\n\\","<html lang=\"en\">\\n\\","<head>\\n\\","<meta charset=\"UTF-8\">\\n\\","<meta name=\"viewport\" content=\"width=device-width, initial-scale=1\">\\n\\","<title>{{env.npm_package_name}} (v{{env.npm_package_version}})</title>\\n\\","<style>\\n\\","/*csslint\\n\\","    box-sizing: false,\\n\\","    universal-selector: false\\n\\","*/\\n\\","* {\\n\\","    box-sizing: border-box;\\n\\","}\\n\\","body {\\n\\","    background: #dde;\\n\\","    font-family: Arial, Helvetica, sans-serif;\\n\\","    margin: 2rem;\\n\\","}\\n\\","body > * {\\n\\","    margin-bottom: 1rem;\\n\\","}\\n\\",".utility2FooterDiv {\\n\\","    margin-top: 20px;\\n\\","    text-align: center;\\n\\","}\\n\\","</style>\\n\\","<style>\\n\\","/*csslint\\n\\","*/\\n\\","textarea {\\n\\","    font-family: monospace;\\n\\","    height: 10rem;\\n\\","    width: 100%;\\n\\","}\\n\\","textarea[readonly] {\\n\\","    background: #ddd;\\n\\","}\\n\\","</style>\\n\\","</head>\\n\\","<body>\\n\\","<!-- utility2-comment\\n\\","<div id=\"ajaxProgressDiv1\" style=\"background: #d00; height: 2px; left: 0; margin: 0; padding: 0; position: fixed; top: 0; transition: background 0.5s, width 1.5s; width: 25%;\"></div>\\n\\","utility2-comment -->\\n\\","<h1>\\n\\","<!-- utility2-comment\\n\\","    <a\\n\\","        {{#if env.npm_package_homepage}}\\n\\","        href=\"{{env.npm_package_homepage}}\"\\n\\","        {{/if env.npm_package_homepage}}\\n\\","        target=\"_blank\"\\n\\","    >\\n\\","utility2-comment -->\\n\\","        {{env.npm_package_name}} (v{{env.npm_package_version}})\\n\\","<!-- utility2-comment\\n\\","    </a>\\n\\","utility2-comment -->\\n\\","</h1>\\n\\","<h3>{{env.npm_package_description}}</h3>\\n\\","<!-- utility2-comment\\n\\","<h4><a download href=\"assets.app.js\">download standalone app</a></h4>\\n\\","<button class=\"onclick onreset\" id=\"testRunButton1\">run internal test</button><br>\\n\\","<div id=\"testReportDiv1\" style=\"display: none;\"></div>\\n\\","utility2-comment -->\\n\\","\\n\\","\\n\\","\\n\\","<label>stderr and stdout</label>\\n\\","<textarea class=\"resettable\" id=\"outputTextareaStdout1\" readonly></textarea>\\n\\","<!-- utility2-comment\\n\\","{{#if isRollup}}\\n\\","<script src=\"assets.app.js\"></script>\\n\\","{{#unless isRollup}}\\n\\","utility2-comment -->\\n\\","<script src=\"assets.utility2.rollup.js\"></script>\\n\\","<script src=\"jsonp.utility2._stateInit?callback=window.utility2._stateInit\"></script>\\n\\","<script src=\"assets.npmtest_google_trends_api.rollup.js\"></script>\\n\\","<script src=\"assets.example.js\"></script>\\n\\","<script src=\"assets.test.js\"></script>\\n\\","<!-- utility2-comment\\n\\","{{/if isRollup}}\\n\\","utility2-comment -->\\n\\","<div class=\"utility2FooterDiv\">\\n\\","    [ this app was created with\\n\\","    <a href=\"https://github.com/kaizhu256/node-utility2\" target=\"_blank\">utility2</a>\\n\\","    ]\\n\\","</div>\\n\\","</body>\\n\\","</html>\\n\\","';","        /* jslint-ignore-end */","        if (local.templateRender) {","            local.assetsDict['/'] = local.templateRender(","                local.assetsDict['/assets.index.template.html'],","                {","                    env: local.objectSetDefault(local.env, {","                        npm_package_description: 'the greatest app in the world!',","                        npm_package_name: 'my-app',","                        npm_package_nameAlias: 'my_app',","                        npm_package_version: '0.0.1'","                    })","                }","            );","        } else {","            local.assetsDict['/'] = local.assetsDict['/assets.index.template.html']","                .replace((/\\{\\{env\\.(\\w+?)\\}\\}/g), function (match0, match1) {","                    // jslint-hack","                    String(match0);","                    switch (match1) {","                    case 'npm_package_description':","                        return 'the greatest app in the world!';","                    case 'npm_package_name':","                        return 'my-app';","                    case 'npm_package_nameAlias':","                        return 'my_app';","                    case 'npm_package_version':","                        return '0.0.1';","                    }","                });","        }","        // run the cli","        if (local.global.utility2_rollup || module !== require.main) {","            break;","        }","        local.assetsDict['/assets.example.js'] =","            local.assetsDict['/assets.example.js'] ||","            local.fs.readFileSync(__filename, 'utf8');","        // bug-workaround - long $npm_package_buildCustomOrg","        /* jslint-ignore-begin */","        local.assetsDict['/assets.npmtest_google_trends_api.rollup.js'] =","            local.assetsDict['/assets.npmtest_google_trends_api.rollup.js'] ||","            local.fs.readFileSync(","                local.npmtest_google_trends_api.__dirname + '/lib.npmtest_google_trends_api.js',","                'utf8'","            ).replace((/^#!/), '//');","        /* jslint-ignore-end */","        local.assetsDict['/favicon.ico'] = local.assetsDict['/favicon.ico'] || '';","        // if $npm_config_timeout_exit exists,","        // then exit this process after $npm_config_timeout_exit ms","        if (Number(process.env.npm_config_timeout_exit)) {","            setTimeout(process.exit, Number(process.env.npm_config_timeout_exit));","        }","        // start server","        if (local.global.utility2_serverHttp1) {","            break;","        }","        process.env.PORT = process.env.PORT || '8081';","        console.error('server starting on port ' + process.env.PORT);","        local.http.createServer(function (request, response) {","            request.urlParsed = local.url.parse(request.url);","            if (local.assetsDict[request.urlParsed.pathname] !== undefined) {","                response.end(local.assetsDict[request.urlParsed.pathname]);","                return;","            }","            response.statusCode = 404;","            response.end();","        }).listen(process.env.PORT);","        break;","    }","}());",""],"l":{"26":2,"28":2,"33":2,"35":2,"37":2,"38":2,"39":2,"44":1,"51":2,"55":2,"59":2,"61":2,"69":1,"70":2,"76":2,"79":2,"82":2,"83":2,"85":1,"89":2,"92":1,"93":1,"94":1,"96":1,"97":1,"100":1,"101":1,"103":1,"106":1,"108":2,"114":1,"116":1,"118":1,"123":1,"124":2,"125":2,"126":3,"127":3,"128":3,"129":3,"130":1,"133":3,"134":3,"139":3,"143":1,"144":3,"145":1,"149":1,"150":1,"158":1,"160":1,"161":1,"162":1,"164":1,"166":1,"258":1,"259":1,"271":1,"274":6,"275":6,"277":1,"279":2,"281":1,"283":2,"288":1,"289":1,"291":1,"296":1,"303":1,"306":1,"307":1,"310":1,"311":1,"313":1,"314":1,"315":1,"316":1,"317":1,"318":1,"319":1,"321":1,"322":1,"324":1}},"/home/travis/build/npmtest/node-npmtest-google-trends-api/node_modules/google-trends-api/lib/google-trends-api.min.js":{"path":"/home/travis/build/npmtest/node-npmtest-google-trends-api/node_modules/google-trends-api/lib/google-trends-api.min.js","s":{"1":1,"2":1,"3":1,"4":1,"5":6,"6":0,"7":6,"8":6,"9":1,"10":1,"11":1,"12":1,"13":1,"14":1,"15":1,"16":1,"17":1,"18":1,"19":4,"20":0,"21":0,"22":0,"23":0,"24":1,"25":1,"26":1,"27":0,"28":1,"29":0,"30":0,"31":0,"32":0,"33":1,"34":0,"35":0,"36":0,"37":0,"38":0,"39":0,"40":0,"41":0,"42":0,"43":0,"44":1,"45":0,"46":0,"47":1,"48":0,"49":0,"50":0,"51":1,"52":0,"53":0,"54":0,"55":1,"56":0,"57":0,"58":1,"59":0,"60":0,"61":0,"62":0,"63":0,"64":0,"65":0,"66":1,"67":1,"68":0,"69":0,"70":0,"71":0,"72":0,"73":0,"74":0,"75":1,"76":1,"77":1,"78":2,"79":1,"80":0,"81":0,"82":0,"83":0,"84":0,"85":0,"86":0,"87":0,"88":0,"89":1,"90":1,"91":1,"92":1,"93":1},"b":{"1":[1,0],"2":[1,1],"3":[0,0],"4":[0,0],"5":[0,0],"6":[0,6],"7":[0,1],"8":[1,1],"9":[0,0],"10":[0,1],"11":[1,1],"12":[0,0],"13":[0,0],"14":[0,0],"15":[0,0],"16":[0,0],"17":[0,0],"18":[0,0],"19":[0,0,0],"20":[0,0],"21":[0,0],"22":[0,0],"23":[0,0],"24":[0,0,0,0],"25":[0,0],"26":[0,0],"27":[0,0,0],"28":[0,0],"29":[0,0],"30":[0,0],"31":[0,0],"32":[0,0],"33":[0,0],"34":[0,0],"35":[0,0],"36":[1,0],"37":[0,0],"38":[1,0],"39":[1,1],"40":[0,0],"41":[0,0,0,0],"42":[0,2],"43":[2,2]},"f":{"1":1,"2":1,"3":1,"4":6,"5":1,"6":1,"7":1,"8":4,"9":0,"10":0,"11":0,"12":1,"13":1,"14":0,"15":0,"16":0,"17":0,"18":0,"19":0,"20":0,"21":0,"22":0,"23":0,"24":0,"25":0,"26":0,"27":0,"28":0,"29":0,"30":1,"31":2,"32":0,"33":0,"34":0,"35":0,"36":0,"37":0,"38":1,"39":1},"fnMap":{"1":{"name":"(anonymous_1)","line":1,"loc":{"start":{"line":1,"column":1},"end":{"line":1,"column":14}}},"2":{"name":"(anonymous_2)","line":1,"loc":{"start":{"line":1,"column":366},"end":{"line":1,"column":379}}},"3":{"name":"(anonymous_3)","line":1,"loc":{"start":{"line":1,"column":387},"end":{"line":1,"column":398}}},"4":{"name":"t","line":1,"loc":{"start":{"line":1,"column":399},"end":{"line":1,"column":412}}},"5":{"name":"(anonymous_5)","line":1,"loc":{"start":{"line":1,"column":586},"end":{"line":1,"column":601}}},"6":{"name":"n","line":1,"loc":{"start":{"line":1,"column":615},"end":{"line":1,"column":628}}},"7":{"name":"(anonymous_7)","line":1,"loc":{"start":{"line":1,"column":986},"end":{"line":1,"column":1001}}},"8":{"name":"(anonymous_8)","line":1,"loc":{"start":{"line":1,"column":1088},"end":{"line":1,"column":1099}}},"9":{"name":"(anonymous_9)","line":1,"loc":{"start":{"line":1,"column":1107},"end":{"line":1,"column":1120}}},"10":{"name":"(anonymous_10)","line":1,"loc":{"start":{"line":1,"column":1244},"end":{"line":1,"column":1255}}},"11":{"name":"(anonymous_11)","line":1,"loc":{"start":{"line":1,"column":1284},"end":{"line":1,"column":1295}}},"12":{"name":"(anonymous_12)","line":1,"loc":{"start":{"line":1,"column":1352},"end":{"line":1,"column":1367}}},"13":{"name":"n","line":1,"loc":{"start":{"line":1,"column":1381},"end":{"line":1,"column":1394}}},"14":{"name":"o","line":1,"loc":{"start":{"line":1,"column":1434},"end":{"line":1,"column":1449}}},"15":{"name":"i","line":1,"loc":{"start":{"line":1,"column":1479},"end":{"line":1,"column":1494}}},"16":{"name":"u","line":1,"loc":{"start":{"line":1,"column":1714},"end":{"line":1,"column":1727}}},"17":{"name":"s","line":1,"loc":{"start":{"line":1,"column":2195},"end":{"line":1,"column":2210}}},"18":{"name":"(anonymous_18)","line":1,"loc":{"start":{"line":1,"column":2519},"end":{"line":1,"column":2532}}},"19":{"name":"a","line":1,"loc":{"start":{"line":1,"column":2572},"end":{"line":1,"column":2584}}},"20":{"name":"(anonymous_20)","line":1,"loc":{"start":{"line":1,"column":2694},"end":{"line":1,"column":2705}}},"21":{"name":"f","line":1,"loc":{"start":{"line":1,"column":2763},"end":{"line":1,"column":2776}}},"22":{"name":"c","line":1,"loc":{"start":{"line":1,"column":2853},"end":{"line":1,"column":2866}}},"23":{"name":"(anonymous_23)","line":1,"loc":{"start":{"line":1,"column":2916},"end":{"line":1,"column":2929}}},"24":{"name":"d","line":1,"loc":{"start":{"line":1,"column":2976},"end":{"line":1,"column":2991}}},"25":{"name":"(anonymous_25)","line":1,"loc":{"start":{"line":1,"column":3517},"end":{"line":1,"column":3528}}},"26":{"name":"(anonymous_26)","line":1,"loc":{"start":{"line":1,"column":3728},"end":{"line":1,"column":3739}}},"27":{"name":"(anonymous_27)","line":1,"loc":{"start":{"line":1,"column":3830},"end":{"line":1,"column":3841}}},"28":{"name":"(anonymous_28)","line":1,"loc":{"start":{"line":1,"column":4039},"end":{"line":1,"column":4050}}},"29":{"name":"(anonymous_29)","line":1,"loc":{"start":{"line":1,"column":4068},"end":{"line":1,"column":4079}}},"30":{"name":"(anonymous_30)","line":1,"loc":{"start":{"line":1,"column":4348},"end":{"line":1,"column":4363}}},"31":{"name":"n","line":1,"loc":{"start":{"line":1,"column":4377},"end":{"line":1,"column":4390}}},"32":{"name":"o","line":1,"loc":{"start":{"line":1,"column":4430},"end":{"line":1,"column":4443}}},"33":{"name":"(anonymous_33)","line":1,"loc":{"start":{"line":1,"column":4560},"end":{"line":1,"column":4573}}},"34":{"name":"(anonymous_34)","line":1,"loc":{"start":{"line":1,"column":4603},"end":{"line":1,"column":4614}}},"35":{"name":"(anonymous_35)","line":1,"loc":{"start":{"line":1,"column":4636},"end":{"line":1,"column":4647}}},"36":{"name":"(anonymous_36)","line":1,"loc":{"start":{"line":1,"column":4666},"end":{"line":1,"column":4676}}},"37":{"name":"(anonymous_37)","line":1,"loc":{"start":{"line":1,"column":4716},"end":{"line":1,"column":4727}}},"38":{"name":"(anonymous_38)","line":1,"loc":{"start":{"line":1,"column":4865},"end":{"line":1,"column":4878}}},"39":{"name":"(anonymous_39)","line":1,"loc":{"start":{"line":1,"column":4907},"end":{"line":1,"column":4920}}}},"statementMap":{"1":{"start":{"line":1,"column":0},"end":{"line":1,"column":4959}},"2":{"start":{"line":1,"column":15},"end":{"line":1,"column":359}},"3":{"start":{"line":1,"column":380},"end":{"line":1,"column":4956}},"4":{"start":{"line":1,"column":399},"end":{"line":1,"column":544}},"5":{"start":{"line":1,"column":413},"end":{"line":1,"column":441}},"6":{"start":{"line":1,"column":421},"end":{"line":1,"column":441}},"7":{"start":{"line":1,"column":441},"end":{"line":1,"column":480}},"8":{"start":{"line":1,"column":480},"end":{"line":1,"column":543}},"9":{"start":{"line":1,"column":544},"end":{"line":1,"column":553}},"10":{"start":{"line":1,"column":553},"end":{"line":1,"column":583}},"11":{"start":{"line":1,"column":615},"end":{"line":1,"column":668}},"12":{"start":{"line":1,"column":629},"end":{"line":1,"column":667}},"13":{"start":{"line":1,"column":668},"end":{"line":1,"column":717}},"14":{"start":{"line":1,"column":717},"end":{"line":1,"column":735}},"15":{"start":{"line":1,"column":735},"end":{"line":1,"column":984}},"16":{"start":{"line":1,"column":1015},"end":{"line":1,"column":1064}},"17":{"start":{"line":1,"column":1064},"end":{"line":1,"column":1075}},"18":{"start":{"line":1,"column":1075},"end":{"line":1,"column":1350}},"19":{"start":{"line":1,"column":1100},"end":{"line":1,"column":1326}},"20":{"start":{"line":1,"column":1121},"end":{"line":1,"column":1170}},"21":{"start":{"line":1,"column":1170},"end":{"line":1,"column":1325}},"22":{"start":{"line":1,"column":1256},"end":{"line":1,"column":1272}},"23":{"start":{"line":1,"column":1296},"end":{"line":1,"column":1323}},"24":{"start":{"line":1,"column":1381},"end":{"line":1,"column":1434}},"25":{"start":{"line":1,"column":1395},"end":{"line":1,"column":1433}},"26":{"start":{"line":1,"column":1434},"end":{"line":1,"column":1479}},"27":{"start":{"line":1,"column":1450},"end":{"line":1,"column":1478}},"28":{"start":{"line":1,"column":1479},"end":{"line":1,"column":1714}},"29":{"start":{"line":1,"column":1495},"end":{"line":1,"column":1532}},"30":{"start":{"line":1,"column":1532},"end":{"line":1,"column":1553}},"31":{"start":{"line":1,"column":1553},"end":{"line":1,"column":1655}},"32":{"start":{"line":1,"column":1655},"end":{"line":1,"column":1713}},"33":{"start":{"line":1,"column":1714},"end":{"line":1,"column":2195}},"34":{"start":{"line":1,"column":1728},"end":{"line":1,"column":1827}},"35":{"start":{"line":1,"column":1775},"end":{"line":1,"column":1827}},"36":{"start":{"line":1,"column":1827},"end":{"line":1,"column":1920}},"37":{"start":{"line":1,"column":1870},"end":{"line":1,"column":1920}},"38":{"start":{"line":1,"column":1920},"end":{"line":1,"column":2022}},"39":{"start":{"line":1,"column":1970},"end":{"line":1,"column":1988}},"40":{"start":{"line":1,"column":1988},"end":{"line":1,"column":2021}},"41":{"start":{"line":1,"column":2022},"end":{"line":1,"column":2104}},"42":{"start":{"line":1,"column":2104},"end":{"line":1,"column":2171}},"43":{"start":{"line":1,"column":2171},"end":{"line":1,"column":2194}},"44":{"start":{"line":1,"column":2195},"end":{"line":1,"column":2572}},"45":{"start":{"line":1,"column":2211},"end":{"line":1,"column":2571}},"46":{"start":{"line":1,"column":2533},"end":{"line":1,"column":2545}},"47":{"start":{"line":1,"column":2572},"end":{"line":1,"column":2763}},"48":{"start":{"line":1,"column":2585},"end":{"line":1,"column":2735}},"49":{"start":{"line":1,"column":2706},"end":{"line":1,"column":2732}},"50":{"start":{"line":1,"column":2735},"end":{"line":1,"column":2762}},"51":{"start":{"line":1,"column":2763},"end":{"line":1,"column":2853}},"52":{"start":{"line":1,"column":2777},"end":{"line":1,"column":2852}},"53":{"start":{"line":1,"column":2781},"end":{"line":1,"column":2818}},"54":{"start":{"line":1,"column":2828},"end":{"line":1,"column":2851}},"55":{"start":{"line":1,"column":2853},"end":{"line":1,"column":2976}},"56":{"start":{"line":1,"column":2867},"end":{"line":1,"column":2975}},"57":{"start":{"line":1,"column":2930},"end":{"line":1,"column":2966}},"58":{"start":{"line":1,"column":2976},"end":{"line":1,"column":3760}},"59":{"start":{"line":1,"column":2992},"end":{"line":1,"column":3486}},"60":{"start":{"line":1,"column":3486},"end":{"line":1,"column":3759}},"61":{"start":{"line":1,"column":3529},"end":{"line":1,"column":3555}},"62":{"start":{"line":1,"column":3555},"end":{"line":1,"column":3595}},"63":{"start":{"line":1,"column":3595},"end":{"line":1,"column":3695}},"64":{"start":{"line":1,"column":3695},"end":{"line":1,"column":3720}},"65":{"start":{"line":1,"column":3740},"end":{"line":1,"column":3757}},"66":{"start":{"line":1,"column":3760},"end":{"line":1,"column":3809}},"67":{"start":{"line":1,"column":3809},"end":{"line":1,"column":4181}},"68":{"start":{"line":1,"column":3842},"end":{"line":1,"column":3967}},"69":{"start":{"line":1,"column":3878},"end":{"line":1,"column":3897}},"70":{"start":{"line":1,"column":3897},"end":{"line":1,"column":3966}},"71":{"start":{"line":1,"column":3912},"end":{"line":1,"column":3966}},"72":{"start":{"line":1,"column":3967},"end":{"line":1,"column":3975}},"73":{"start":{"line":1,"column":4051},"end":{"line":1,"column":4066}},"74":{"start":{"line":1,"column":4080},"end":{"line":1,"column":4179}},"75":{"start":{"line":1,"column":4181},"end":{"line":1,"column":4329}},"76":{"start":{"line":1,"column":4329},"end":{"line":1,"column":4346}},"77":{"start":{"line":1,"column":4377},"end":{"line":1,"column":4430}},"78":{"start":{"line":1,"column":4391},"end":{"line":1,"column":4429}},"79":{"start":{"line":1,"column":4430},"end":{"line":1,"column":4745}},"80":{"start":{"line":1,"column":4444},"end":{"line":1,"column":4541}},"81":{"start":{"line":1,"column":4541},"end":{"line":1,"column":4744}},"82":{"start":{"line":1,"column":4574},"end":{"line":1,"column":4703}},"83":{"start":{"line":1,"column":4615},"end":{"line":1,"column":4624}},"84":{"start":{"line":1,"column":4624},"end":{"line":1,"column":4700}},"85":{"start":{"line":1,"column":4648},"end":{"line":1,"column":4652}},"86":{"start":{"line":1,"column":4677},"end":{"line":1,"column":4698}},"87":{"start":{"line":1,"column":4703},"end":{"line":1,"column":4742}},"88":{"start":{"line":1,"column":4728},"end":{"line":1,"column":4732}},"89":{"start":{"line":1,"column":4745},"end":{"line":1,"column":4809}},"90":{"start":{"line":1,"column":4809},"end":{"line":1,"column":4841}},"91":{"start":{"line":1,"column":4841},"end":{"line":1,"column":4863}},"92":{"start":{"line":1,"column":4879},"end":{"line":1,"column":4905}},"93":{"start":{"line":1,"column":4921},"end":{"line":1,"column":4953}}},"branchMap":{"1":{"line":1,"type":"cond-expr","locations":[{"start":{"line":1,"column":65},"end":{"line":1,"column":122}},{"start":{"line":1,"column":123},"end":{"line":1,"column":359}}]},"2":{"line":1,"type":"binary-expr","locations":[{"start":{"line":1,"column":15},"end":{"line":1,"column":39}},{"start":{"line":1,"column":41},"end":{"line":1,"column":64}}]},"3":{"line":1,"type":"cond-expr","locations":[{"start":{"line":1,"column":161},"end":{"line":1,"column":214}},{"start":{"line":1,"column":215},"end":{"line":1,"column":359}}]},"4":{"line":1,"type":"binary-expr","locations":[{"start":{"line":1,"column":123},"end":{"line":1,"column":148}},{"start":{"line":1,"column":150},"end":{"line":1,"column":160}}]},"5":{"line":1,"type":"cond-expr","locations":[{"start":{"line":1,"column":240},"end":{"line":1,"column":311}},{"start":{"line":1,"column":312},"end":{"line":1,"column":359}}]},"6":{"line":1,"type":"if","locations":[{"start":{"line":1,"column":413},"end":{"line":1,"column":413}},{"start":{"line":1,"column":413},"end":{"line":1,"column":413}}]},"7":{"line":1,"type":"cond-expr","locations":[{"start":{"line":1,"column":652},"end":{"line":1,"column":653}},{"start":{"line":1,"column":654},"end":{"line":1,"column":667}}]},"8":{"line":1,"type":"binary-expr","locations":[{"start":{"line":1,"column":636},"end":{"line":1,"column":637}},{"start":{"line":1,"column":639},"end":{"line":1,"column":651}}]},"9":{"line":1,"type":"cond-expr","locations":[{"start":{"line":1,"column":1196},"end":{"line":1,"column":1216}},{"start":{"line":1,"column":1217},"end":{"line":1,"column":1325}}]},"10":{"line":1,"type":"cond-expr","locations":[{"start":{"line":1,"column":1418},"end":{"line":1,"column":1419}},{"start":{"line":1,"column":1420},"end":{"line":1,"column":1433}}]},"11":{"line":1,"type":"binary-expr","locations":[{"start":{"line":1,"column":1402},"end":{"line":1,"column":1403}},{"start":{"line":1,"column":1405},"end":{"line":1,"column":1417}}]},"12":{"line":1,"type":"cond-expr","locations":[{"start":{"line":1,"column":1545},"end":{"line":1,"column":1550}},{"start":{"line":1,"column":1551},"end":{"line":1,"column":1552}}]},"13":{"line":1,"type":"cond-expr","locations":[{"start":{"line":1,"column":1664},"end":{"line":1,"column":1699}},{"start":{"line":1,"column":1700},"end":{"line":1,"column":1713}}]},"14":{"line":1,"type":"if","locations":[{"start":{"line":1,"column":1728},"end":{"line":1,"column":1728}},{"start":{"line":1,"column":1728},"end":{"line":1,"column":1728}}]},"15":{"line":1,"type":"binary-expr","locations":[{"start":{"line":1,"column":1731},"end":{"line":1,"column":1742}},{"start":{"line":1,"column":1744},"end":{"line":1,"column":1774}}]},"16":{"line":1,"type":"if","locations":[{"start":{"line":1,"column":1827},"end":{"line":1,"column":1827}},{"start":{"line":1,"column":1827},"end":{"line":1,"column":1827}}]},"17":{"line":1,"type":"binary-expr","locations":[{"start":{"line":1,"column":1830},"end":{"line":1,"column":1839}},{"start":{"line":1,"column":1841},"end":{"line":1,"column":1869}}]},"18":{"line":1,"type":"if","locations":[{"start":{"line":1,"column":1920},"end":{"line":1,"column":1920}},{"start":{"line":1,"column":1920},"end":{"line":1,"column":1920}}]},"19":{"line":1,"type":"binary-expr","locations":[{"start":{"line":1,"column":1923},"end":{"line":1,"column":1934}},{"start":{"line":1,"column":1936},"end":{"line":1,"column":1945}},{"start":{"line":1,"column":1947},"end":{"line":1,"column":1968}}]},"20":{"line":1,"type":"binary-expr","locations":[{"start":{"line":1,"column":2022},"end":{"line":1,"column":2031}},{"start":{"line":1,"column":2034},"end":{"line":1,"column":2052}}]},"21":{"line":1,"type":"binary-expr","locations":[{"start":{"line":1,"column":2054},"end":{"line":1,"column":2065}},{"start":{"line":1,"column":2068},"end":{"line":1,"column":2102}}]},"22":{"line":1,"type":"binary-expr","locations":[{"start":{"line":1,"column":2217},"end":{"line":1,"column":2237}},{"start":{"line":1,"column":2240},"end":{"line":1,"column":2243}}]},"23":{"line":1,"type":"cond-expr","locations":[{"start":{"line":1,"column":2322},"end":{"line":1,"column":2358}},{"start":{"line":1,"column":2359},"end":{"line":1,"column":2412}}]},"24":{"line":1,"type":"binary-expr","locations":[{"start":{"line":1,"column":2245},"end":{"line":1,"column":2247}},{"start":{"line":1,"column":2249},"end":{"line":1,"column":2250}},{"start":{"line":1,"column":2252},"end":{"line":1,"column":2303}},{"start":{"line":1,"column":2305},"end":{"line":1,"column":2321}}]},"25":{"line":1,"type":"cond-expr","locations":[{"start":{"line":1,"column":2286},"end":{"line":1,"column":2297}},{"start":{"line":1,"column":2298},"end":{"line":1,"column":2302}}]},"26":{"line":1,"type":"binary-expr","locations":[{"start":{"line":1,"column":2359},"end":{"line":1,"column":2368}},{"start":{"line":1,"column":2371},"end":{"line":1,"column":2411}}]},"27":{"line":1,"type":"binary-expr","locations":[{"start":{"line":1,"column":2413},"end":{"line":1,"column":2414}},{"start":{"line":1,"column":2416},"end":{"line":1,"column":2436}},{"start":{"line":1,"column":2439},"end":{"line":1,"column":2490}}]},"28":{"line":1,"type":"binary-expr","locations":[{"start":{"line":1,"column":2492},"end":{"line":1,"column":2496}},{"start":{"line":1,"column":2499},"end":{"line":1,"column":2511}}]},"29":{"line":1,"type":"binary-expr","locations":[{"start":{"line":1,"column":2513},"end":{"line":1,"column":2514}},{"start":{"line":1,"column":2517},"end":{"line":1,"column":2546}}]},"30":{"line":1,"type":"cond-expr","locations":[{"start":{"line":1,"column":2542},"end":{"line":1,"column":2543}},{"start":{"line":1,"column":2544},"end":{"line":1,"column":2545}}]},"31":{"line":1,"type":"cond-expr","locations":[{"start":{"line":1,"column":2633},"end":{"line":1,"column":2645}},{"start":{"line":1,"column":2646},"end":{"line":1,"column":2648}}]},"32":{"line":1,"type":"binary-expr","locations":[{"start":{"line":1,"column":2591},"end":{"line":1,"column":2609}},{"start":{"line":1,"column":2611},"end":{"line":1,"column":2632}}]},"33":{"line":1,"type":"cond-expr","locations":[{"start":{"line":1,"column":2744},"end":{"line":1,"column":2759}},{"start":{"line":1,"column":2760},"end":{"line":1,"column":2762}}]},"34":{"line":1,"type":"cond-expr","locations":[{"start":{"line":1,"column":2899},"end":{"line":1,"column":2971}},{"start":{"line":1,"column":2972},"end":{"line":1,"column":2975}}]},"35":{"line":1,"type":"binary-expr","locations":[{"start":{"line":1,"column":3555},"end":{"line":1,"column":3556}},{"start":{"line":1,"column":3559},"end":{"line":1,"column":3573}}]},"36":{"line":1,"type":"binary-expr","locations":[{"start":{"line":1,"column":3815},"end":{"line":1,"column":3828}},{"start":{"line":1,"column":3830},"end":{"line":1,"column":3976}}]},"37":{"line":1,"type":"binary-expr","locations":[{"start":{"line":1,"column":3912},"end":{"line":1,"column":3953}},{"start":{"line":1,"column":3956},"end":{"line":1,"column":3965}}]},"38":{"line":1,"type":"cond-expr","locations":[{"start":{"line":1,"column":4039},"end":{"line":1,"column":4067}},{"start":{"line":1,"column":4068},"end":{"line":1,"column":4180}}]},"39":{"line":1,"type":"binary-expr","locations":[{"start":{"line":1,"column":3979},"end":{"line":1,"column":4004}},{"start":{"line":1,"column":4006},"end":{"line":1,"column":4038}}]},"40":{"line":1,"type":"cond-expr","locations":[{"start":{"line":1,"column":4162},"end":{"line":1,"column":4170}},{"start":{"line":1,"column":4171},"end":{"line":1,"column":4179}}]},"41":{"line":1,"type":"binary-expr","locations":[{"start":{"line":1,"column":4087},"end":{"line":1,"column":4088}},{"start":{"line":1,"column":4090},"end":{"line":1,"column":4115}},{"start":{"line":1,"column":4117},"end":{"line":1,"column":4139}},{"start":{"line":1,"column":4141},"end":{"line":1,"column":4161}}]},"42":{"line":1,"type":"cond-expr","locations":[{"start":{"line":1,"column":4414},"end":{"line":1,"column":4415}},{"start":{"line":1,"column":4416},"end":{"line":1,"column":4429}}]},"43":{"line":1,"type":"binary-expr","locations":[{"start":{"line":1,"column":4398},"end":{"line":1,"column":4399}},{"start":{"line":1,"column":4401},"end":{"line":1,"column":4413}}]}},"code":["!function(e,t){\"object\"==typeof exports&&\"object\"==typeof module?module.exports=t(require(\"https\"),require(\"querystring\")):\"function\"==typeof define&&define.amd?define(\"google-trends-api\",[\"https\",\"querystring\"],t):\"object\"==typeof exports?exports[\"google-trends-api\"]=t(require(\"https\"),require(\"querystring\")):e[\"google-trends-api\"]=t(e.https,e.querystring)}(this,function(e,t){return function(e){function t(n){if(r[n])return r[n].exports;var o=r[n]={exports:{},id:n,loaded:!1};return e[n].call(o.exports,o,o.exports,t),o.loaded=!0,o.exports}var r={};return t.m=e,t.c=r,t.p=\"\",t(0)}([function(e,t,r){\"use strict\";function n(e){return e&&e.__esModule?e:{\"default\":e}}Object.defineProperty(t,\"__esModule\",{value:!0});var o=r(1),i=n(o);t[\"default\"]={interestByRegion:(0,i[\"default\"])(\"interest by region\"),interestOverTime:(0,i[\"default\"])(\"interest over time\"),relatedQueries:(0,i[\"default\"])(\"related queries\"),relatedTopics:(0,i[\"default\"])(\"related topics\")},e.exports=t[\"default\"]},function(e,t,r){\"use strict\";Object.defineProperty(t,\"__esModule\",{value:!0});var n=r(2);t[\"default\"]=function(e){return function(t,r){var o=(0,n.constructObj)(t,r),i=o.cbFunc,u=o.obj;return u instanceof Error?Promise.reject(i(u)):(0,n.getResults)(e,u).then(function(e){return i(null,e)})[\"catch\"](function(e){return Promise.reject(i(e))})}},e.exports=t[\"default\"]},function(e,t,r){\"use strict\";function n(e){return e&&e.__esModule?e:{\"default\":e}}function o(e,t){return Math.abs(t-e)/864e5<7}function i(e,t){var r=(e.getUTCMonth()+1).toString();r=r.length<2?\"0\"+r:r;var n=e.getUTCDate().toString(),o=e.getUTCFullYear().toString(),i=e.getUTCHours(),u=e.getUTCMinutes();return t?o+\"-\"+r+\"-\"+n+\"T\"+i+\"\\\\:\"+u+\"\\\\:00\":o+\"-\"+r+\"-\"+n}function u(e){if(e.startTime&&!(e.startTime instanceof Date))return new Error(\"startTime must be a Date object\");if(e.endTime&&!(e.endTime instanceof Date))return new Error(\"endTime must be a Date object\");if(e.startTime&&e.endTime&&e.startTime>e.endTime){var t=e.startTime;e.startTime=e.endTime,e.endTime=t}e.endTime||(e.endTime=new Date),e.startTime||(e.startTime=new Date(\"2004-01-01\"));var r=o(e.startTime,e.endTime),n=i(e.startTime,r),u=i(e.endTime,r);return e.time=n+\" \"+u,e}function s(e,t){return\"function\"==typeof e&&(t=e),!e||e&&\"object\"!==(\"undefined\"==typeof e?\"undefined\":p(e))||Array.isArray(e)?e=new Error(\"Must supply an object\"):e.keyword||(e=new Error(\"Must have a keyword field\")),t&&\"function\"!=typeof t&&(e=new Error(\"Callback function must be a function\")),e.hl||(e.hl=\"en-US\"),t||(t=function(e,t){return e?e:t}),e=u(e),{cbFunc:t,obj:e}}function a(){var e=arguments.length>0&&void 0!==arguments[0]?arguments[0]:\"\",t=[\"COUNTRY\",\"REGION\",\"CITY\",\"DMA\"],r=t.some(function(t){return t===e.toUpperCase()});return r?e.toUpperCase():\"\"}function f(e){try{return JSON.parse(e.slice(4)).widgets}catch(t){throw t.requestBody=e,t}}function c(e){return Array.isArray(e.keyword)?e.keyword.reduce(function(t,r){return t.push(l({},e,{keyword:r})),t},[]):[e]}function d(e,t){var r={\"interest over time\":{path:\"/trends/api/widgetdata/multiline\",pos:0},\"interest by region\":{path:\"/trends/api/widgetdata/comparedgeo\",pos:1,resolution:a(t.resolution)},\"related topics\":{path:\"/trends/api/widgetdata/relatedsearches\",pos:2},\"related queries\":{path:\"/trends/api/widgetdata/relatedsearches\",pos:3}},n={method:\"GET\",host:\"trends.google.com\",path:\"/trends/api/explore\",qs:{hl:t.hl,req:JSON.stringify({comparisonItem:c(t),cat:0}),tz:300}},o=r[e],i=o.pos,u=o.path,s=o.resolution;return(0,y[\"default\"])(n).then(function(e){var r=f(e),n=r[i].request;s&&(n.resolution=s),n=JSON.stringify(n);var o=r[i].token,a={path:u,method:\"GET\",host:\"trends.google.com\",qs:{hl:t.hl,req:n,token:o,tz:300}};return(0,y[\"default\"])(a)}).then(function(e){return e.slice(5)})}Object.defineProperty(t,\"__esModule\",{value:!0});var l=Object.assign||function(e){for(var t=1;t<arguments.length;t++){var r=arguments[t];for(var n in r)Object.prototype.hasOwnProperty.call(r,n)&&(e[n]=r[n])}return e},p=\"function\"==typeof Symbol&&\"symbol\"==typeof Symbol.iterator?function(e){return typeof e}:function(e){return e&&\"function\"==typeof Symbol&&e.constructor===Symbol&&e!==Symbol.prototype?\"symbol\":typeof e};t.isLessThan7Days=o,t.convertDateToString=i,t.formatTime=u,t.constructObj=s,t.formatResolution=a,t.parseResults=f,t.formatKeywords=c,t.getResults=d;var m=r(3),y=n(m)},function(e,t,r){\"use strict\";function n(e){return e&&e.__esModule?e:{\"default\":e}}function o(e){var t=e.method,r=e.host,n=e.path,o=e.qs,i={host:r,method:t,path:n+\"?\"+a[\"default\"].stringify(o)};return new Promise(function(e,t){var r=u[\"default\"].request(i,function(t){var r=\"\";t.on(\"data\",function(e){r+=e}),t.on(\"end\",function(){e(r.toString(\"utf8\"))})});r.on(\"error\",function(e){t(e)}),r.end()})}Object.defineProperty(t,\"__esModule\",{value:!0}),t[\"default\"]=o;var i=r(4),u=n(i),s=r(5),a=n(s);e.exports=t[\"default\"]},function(e,t){e.exports=require(\"https\")},function(e,t){e.exports=require(\"querystring\")}])});","//# sourceMappingURL=google-trends-api.min.js.map"],"l":{"1":6}}}